[2024-03-07 01:53:53] [info]  [ 2708] Apache Commons Daemon procrun (1.2.0.0 64-bit) started.
[2024-03-07 01:53:53] [info]  [ 2708] Running Service 'neo4j'...
[2024-03-07 01:53:53] [info]  [ 1920] Starting service...
[2024-03-07 01:53:55] [info]  [ 1920] Service started in 2405 milliseconds.
[2024-03-07 01:56:23] [info]  [ 5068] Console SHUTDOWN event signaled.
[2024-03-07 01:56:23] [info]  [ 5068] Stopping service...
[2024-03-07 01:56:29] [info]  [ 5068] Service stop thread completed.
[2024-03-07 01:57:10] [info]  [ 2112] Apache Commons Daemon procrun (1.2.0.0 64-bit) started.
[2024-03-07 01:57:10] [info]  [ 2112] Running Service 'neo4j'...
[2024-03-07 01:57:10] [info]  [ 2524] Starting service...
[2024-03-07 01:57:13] [info]  [ 2524] Service started in 2656 milliseconds.
[2024-03-07 01:57:48] [info]  [ 4056] Console SHUTDOWN event signaled.
[2024-03-07 01:57:49] [info]  [ 4056] Stopping service...
[2024-03-07 01:57:55] [info]  [ 4056] Service stop thread completed.
[2024-03-07 01:58:14] [info]  [ 2756] Apache Commons Daemon procrun (1.2.0.0 64-bit) started.
[2024-03-07 01:58:14] [info]  [ 2756] Running Service 'neo4j'...
[2024-03-07 01:58:15] [info]  [ 2444] Starting service...
[2024-03-07 01:58:21] [info]  [ 2444] Service started in 6398 milliseconds.
[2024-03-07 03:19:51] [info]  [ 2824] Console SHUTDOWN event signaled.
[2024-03-07 03:19:51] [info]  [ 2824] Stopping service...
[2024-03-07 03:19:57] [info]  [ 2824] Service stop thread completed.
[2024-03-07 22:20:04] [info]  [ 2112] Apache Commons Daemon procrun (1.2.0.0 64-bit) started.
[2024-03-07 22:20:04] [info]  [ 2112] Running Service 'neo4j'...
[2024-03-07 22:20:05] [info]  [ 2600] Starting service...
[2024-03-07 22:20:09] [info]  [ 2600] Service started in 4205 milliseconds.
[2024-03-07 22:24:48] [info]  [ 4928] Console SHUTDOWN event signaled.
[2024-03-07 22:24:48] [info]  [ 4928] Stopping service...
[2024-03-07 22:24:54] [info]  [ 4928] Service stop thread completed.
[2024-03-07 22:25:19] [info]  [ 2596] Apache Commons Daemon procrun (1.2.0.0 64-bit) started.
[2024-03-07 22:25:19] [info]  [ 2596] Running Service 'neo4j'...
[2024-03-07 22:25:20] [info]  [ 1792] Starting service...
[2024-03-07 22:25:26] [info]  [ 1792] Service started in 6231 milliseconds.
[2024-03-07 22:34:47] [info]  [  396] Console SHUTDOWN event signaled.
[2024-03-07 22:34:47] [info]  [  396] Stopping service...
[2024-03-07 22:34:53] [info]  [  396] Service stop thread completed.
[2024-03-07 23:00:52] [info]  [ 2276] Apache Commons Daemon procrun (1.2.0.0 64-bit) started.
[2024-03-07 23:00:53] [info]  [ 2276] Running Service 'neo4j'...
[2024-03-07 23:00:53] [info]  [ 2832] Starting service...
[2024-03-07 23:00:58] [info]  [ 2832] Service started in 4575 milliseconds.
[2024-03-07 23:01:56] [info]  [ 3976] Console SHUTDOWN event signaled.
[2024-03-07 23:01:56] [info]  [ 3976] Stopping service...
[2024-03-07 23:02:02] [info]  [ 3976] Service stop thread completed.
