[2024-01-10 04:52:41] [info]  [ 2496] Apache Commons Daemon procrun (1.2.0.0 64-bit) started.
[2024-01-10 04:52:41] [info]  [ 2496] Running Service 'neo4j'...
[2024-01-10 04:52:42] [info]  [ 2964] Starting service...
[2024-01-10 04:52:44] [info]  [ 2964] Service started in 2731 milliseconds.
[2024-01-10 05:15:10] [info]  [ 6740] Console SHUTDOWN event signaled.
[2024-01-10 05:15:10] [info]  [ 6740] Stopping service...
[2024-01-10 05:15:16] [info]  [ 6740] Service stop thread completed.
[2024-01-10 05:15:35] [info]  [ 2504] Apache Commons Daemon procrun (1.2.0.0 64-bit) started.
[2024-01-10 05:15:37] [info]  [ 2504] Running Service 'neo4j'...
[2024-01-10 05:15:38] [info]  [ 3244] Starting service...
[2024-01-10 05:15:42] [info]  [ 3244] Service started in 4838 milliseconds.
[2024-01-10 05:43:32] [info]  [ 5280] Console SHUTDOWN event signaled.
[2024-01-10 05:43:32] [info]  [ 5280] Stopping service...
[2024-01-10 05:43:38] [info]  [ 5280] Service stop thread completed.
[2024-01-10 05:43:59] [info]  [ 2488] Apache Commons Daemon procrun (1.2.0.0 64-bit) started.
[2024-01-10 05:44:05] [info]  [ 2488] Running Service 'neo4j'...
[2024-01-10 05:44:05] [info]  [ 3048] Starting service...
[2024-01-10 05:44:09] [info]  [ 3048] Service started in 3218 milliseconds.
[2024-02-21 05:58:03] [info]  [ 4440] Console SHUTDOWN event signaled.
[2024-02-21 05:58:03] [info]  [ 4440] Stopping service...
[2024-02-21 05:58:09] [info]  [ 4440] Service stop thread completed.
