[2022-12-29 01:34:52] [info]  [ 2460] Apache Commons Daemon procrun (1.2.0.0 64-bit) started.
[2022-12-29 01:34:53] [info]  [ 2460] Running Service 'neo4j'...
[2022-12-29 01:34:53] [info]  [ 2892] Starting service...
[2022-12-29 01:34:56] [info]  [ 2892] Service started in 2878 milliseconds.
[2022-12-29 02:16:19] [info]  [ 5104] Apache Commons Daemon procrun (1.2.0.0 64-bit) started.
[2022-12-29 02:16:19] [info]  [ 5104] Stopping service 'neo4j'...
[2022-12-29 02:16:19] [info]  [ 3668] Stopping service...
[2022-12-29 02:16:31] [info]  [ 5104] Service 'neo4j' stopped.
[2022-12-29 02:16:31] [info]  [ 5104] Stop service finished.
[2022-12-29 02:16:31] [info]  [ 5104] Apache Commons Daemon procrun finished.
[2022-12-29 02:16:37] [info]  [ 5024] Apache Commons Daemon procrun (1.2.0.0 64-bit) started.
[2022-12-29 02:16:37] [info]  [ 5024] Starting service 'neo4j'...
[2022-12-29 02:16:37] [info]  [ 3860] Apache Commons Daemon procrun (1.2.0.0 64-bit) started.
[2022-12-29 02:16:37] [info]  [ 3860] Running Service 'neo4j'...
[2022-12-29 02:16:37] [info]  [ 3412] Starting service...
[2022-12-29 02:16:39] [info]  [ 3412] Service started in 1385 milliseconds.
[2022-12-29 02:16:40] [info]  [ 5024] Started service 'neo4j'.
[2022-12-29 02:16:40] [info]  [ 5024] Finished starting service 'neo4j', returning 1.
[2022-12-29 02:16:41] [info]  [ 5024] Apache Commons Daemon procrun finished.
[2022-12-29 02:16:49] [info]  [ 3128] Console SHUTDOWN event signaled.
[2022-12-29 02:16:49] [info]  [ 3128] Stopping service...
[2022-12-29 02:17:07] [info]  [ 2400] Apache Commons Daemon procrun (1.2.0.0 64-bit) started.
[2022-12-29 02:17:07] [info]  [ 2400] Running Service 'neo4j'...
[2022-12-29 02:17:07] [info]  [ 2928] Starting service...
[2022-12-29 02:17:10] [info]  [ 2928] Service started in 2406 milliseconds.
[2022-12-29 02:28:39] [info]  [ 3120] Console SHUTDOWN event signaled.
[2022-12-29 02:28:39] [info]  [ 3120] Stopping service...
[2022-12-29 02:28:45] [info]  [ 3120] Service stop thread completed.
[2022-12-29 02:28:57] [info]  [ 2532] Apache Commons Daemon procrun (1.2.0.0 64-bit) started.
[2022-12-29 02:28:58] [info]  [ 2532] Running Service 'neo4j'...
[2022-12-29 02:28:58] [info]  [ 2976] Starting service...
[2022-12-29 02:29:01] [info]  [ 2976] Service started in 3059 milliseconds.
[2023-01-01 05:32:39] [info]  [ 2172] Console SHUTDOWN event signaled.
[2023-01-01 05:32:39] [info]  [ 2172] Stopping service...
[2023-01-01 05:32:45] [info]  [ 2172] Service stop thread completed.
